<?xml version="1.0" encoding="utf-8"?>
<TestRun id="2fe590c6-dd81-4e4b-acf5-6b0cd9020216" name="EQUIPO@HP 2020-07-17 20:39:31" runUser="HP\EQUIPO" xmlns="http://microsoft.com/schemas/VisualStudio/TeamTest/2010">
  <Times creation="2020-07-17T20:39:31.8911733-07:00" queuing="2020-07-17T20:39:31.8911733-07:00" start="2020-07-17T20:39:23.5945058-07:00" finish="2020-07-17T20:40:10.1320442-07:00" />
  <TestSettings name="default" id="e73b523b-42ed-4b72-8069-6fb16fa27386">
    <Deployment runDeploymentRoot="EQUIPO_HP_2020-07-17_20_39_31" />
  </TestSettings>
  <Results>
    <UnitTestResult executionId="e05136de-4f1e-4af6-a48d-502abe91b245" testId="832ab050-4fd2-3a2b-638d-a1418a6bf8b8" testName="WalletApp.AutomatedUITests.AutomatedUITests.Open_Balance_ReturnsBalanceView" computerName="HP" duration="00:00:04.8196933" startTime="2020-07-17T20:40:04.0112771-07:00" endTime="2020-07-17T20:40:04.0112877-07:00" testType="13cdc9d9-ddb5-4fa4-a97d-d965ccfc6d4b" outcome="Passed" testListId="8c84fa94-04c1-424b-9868-57a2d4851a1d" relativeResultsDirectory="e05136de-4f1e-4af6-a48d-502abe91b245" />
    <UnitTestResult executionId="4ee69e2b-39e1-4d1a-bcd7-b672e3c80bc1" testId="5f2bf7b8-4b50-a449-64dd-688949ab9130" testName="WalletApp.AutomatedUITests.AutomatedUITests.Withdraw_Incorrect_ReturnsErrorMessage" computerName="HP" duration="00:00:05.2981308" startTime="2020-07-17T20:39:53.1302002-07:00" endTime="2020-07-17T20:39:53.1302109-07:00" testType="13cdc9d9-ddb5-4fa4-a97d-d965ccfc6d4b" outcome="Passed" testListId="8c84fa94-04c1-424b-9868-57a2d4851a1d" relativeResultsDirectory="4ee69e2b-39e1-4d1a-bcd7-b672e3c80bc1" />
    <UnitTestResult executionId="abafe109-7c4f-4dbb-9300-faa2b5817578" testId="be6de981-01cf-c936-4386-805a297bb224" testName="WalletApp.AutomatedUITests.AutomatedUITests.Deposit_Correct_ReturnsBalanceView" computerName="HP" duration="00:00:06.0597820" startTime="2020-07-17T20:39:59.1908095-07:00" endTime="2020-07-17T20:39:59.1908228-07:00" testType="13cdc9d9-ddb5-4fa4-a97d-d965ccfc6d4b" outcome="Passed" testListId="8c84fa94-04c1-424b-9868-57a2d4851a1d" relativeResultsDirectory="abafe109-7c4f-4dbb-9300-faa2b5817578" />
    <UnitTestResult executionId="9ab85c9c-50b0-40f8-ab72-ea3e503c6fe9" testId="d18018ca-9b06-2ad3-973e-560d564faf0f" testName="WalletApp.AutomatedUITests.AutomatedUITests.MasiveOperations_Correct_ReturnsBalanceView(transaccion: &quot;deposito&quot;, monto: &quot;10&quot;)" computerName="HP" duration="00:00:05.2978328" startTime="2020-07-17T20:39:47.8296894-07:00" endTime="2020-07-17T20:39:47.8296979-07:00" testType="13cdc9d9-ddb5-4fa4-a97d-d965ccfc6d4b" outcome="Passed" testListId="8c84fa94-04c1-424b-9868-57a2d4851a1d" relativeResultsDirectory="9ab85c9c-50b0-40f8-ab72-ea3e503c6fe9" />
    <UnitTestResult executionId="cde289a7-6b82-4914-b79a-14e7f1adbb62" testId="eeefae29-7f48-0d99-feb0-fb12036a6ea2" testName="WalletApp.AutomatedUITests.AutomatedUITests.MasiveOperations_Correct_ReturnsBalanceView(transaccion: &quot;retiro&quot;, monto: &quot;5&quot;)" computerName="HP" duration="00:00:05.2909632" startTime="2020-07-17T20:39:37.1143714-07:00" endTime="2020-07-17T20:39:37.1143808-07:00" testType="13cdc9d9-ddb5-4fa4-a97d-d965ccfc6d4b" outcome="Passed" testListId="8c84fa94-04c1-424b-9868-57a2d4851a1d" relativeResultsDirectory="cde289a7-6b82-4914-b79a-14e7f1adbb62" />
    <UnitTestResult executionId="301b2413-3562-4ae0-a98e-f41af197f660" testId="a063a516-dd26-a194-850d-a5ca3d6c3fa6" testName="WalletApp.AutomatedUITests.AutomatedUITests.MasiveOperations_Correct_ReturnsBalanceView(transaccion: &quot;deposito&quot;, monto: &quot;15&quot;)" computerName="HP" duration="00:00:05.8058536" startTime="2020-07-17T20:39:31.8242979-07:00" endTime="2020-07-17T20:39:31.8244694-07:00" testType="13cdc9d9-ddb5-4fa4-a97d-d965ccfc6d4b" outcome="Passed" testListId="8c84fa94-04c1-424b-9868-57a2d4851a1d" relativeResultsDirectory="301b2413-3562-4ae0-a98e-f41af197f660" />
    <UnitTestResult executionId="2abf9270-7094-4505-af86-e71958ce8367" testId="75ef09b9-45ea-52e6-4d15-8752ad9e4b24" testName="WalletApp.AutomatedUITests.AutomatedUITests.Deposit_Correct_ReturnsBalanceView_BalanceCorrect" computerName="HP" duration="00:00:05.9257393" startTime="2020-07-17T20:40:09.9378680-07:00" endTime="2020-07-17T20:40:09.9378787-07:00" testType="13cdc9d9-ddb5-4fa4-a97d-d965ccfc6d4b" outcome="Passed" testListId="8c84fa94-04c1-424b-9868-57a2d4851a1d" relativeResultsDirectory="2abf9270-7094-4505-af86-e71958ce8367" />
    <UnitTestResult executionId="29982a9a-2209-415a-bf31-1dd2f2125f1d" testId="3d057ce4-18e7-b758-bfd7-d00e57545a75" testName="WalletApp.AutomatedUITests.AutomatedUITests.MasiveOperations_Correct_ReturnsBalanceView(transaccion: &quot;retiro&quot;, monto: &quot;10&quot;)" computerName="HP" duration="00:00:05.4158295" startTime="2020-07-17T20:39:42.5309973-07:00" endTime="2020-07-17T20:39:42.5310084-07:00" testType="13cdc9d9-ddb5-4fa4-a97d-d965ccfc6d4b" outcome="Passed" testListId="8c84fa94-04c1-424b-9868-57a2d4851a1d" relativeResultsDirectory="29982a9a-2209-415a-bf31-1dd2f2125f1d" />
  </Results>
  <TestDefinitions>
    <UnitTest name="WalletApp.AutomatedUITests.AutomatedUITests.Deposit_Correct_ReturnsBalanceView" storage="c:\users\equipo\desktop\wallet\apiclient\consumebilleterawebapi\walletapp.automateduitests\bin\debug\netcoreapp3.1\walletapp.automateduitests.dll" id="be6de981-01cf-c936-4386-805a297bb224">
      <Execution id="abafe109-7c4f-4dbb-9300-faa2b5817578" />
      <TestMethod codeBase="C:\Users\EQUIPO\Desktop\wallet\ApiClient\ConsumeBilleteraWebApi\WalletApp.AutomatedUITests\bin\Debug\netcoreapp3.1\WalletApp.AutomatedUITests.dll" adapterTypeName="executor://xunit/VsTestRunner2/netcoreapp" className="WalletApp.AutomatedUITests.AutomatedUITests" name="Deposit_Correct_ReturnsBalanceView" />
    </UnitTest>
    <UnitTest name="WalletApp.AutomatedUITests.AutomatedUITests.MasiveOperations_Correct_ReturnsBalanceView(transaccion: &quot;deposito&quot;, monto: &quot;15&quot;)" storage="c:\users\equipo\desktop\wallet\apiclient\consumebilleterawebapi\walletapp.automateduitests\bin\debug\netcoreapp3.1\walletapp.automateduitests.dll" id="a063a516-dd26-a194-850d-a5ca3d6c3fa6">
      <Execution id="301b2413-3562-4ae0-a98e-f41af197f660" />
      <TestMethod codeBase="C:\Users\EQUIPO\Desktop\wallet\ApiClient\ConsumeBilleteraWebApi\WalletApp.AutomatedUITests\bin\Debug\netcoreapp3.1\WalletApp.AutomatedUITests.dll" adapterTypeName="executor://xunit/VsTestRunner2/netcoreapp" className="WalletApp.AutomatedUITests.AutomatedUITests" name="MasiveOperations_Correct_ReturnsBalanceView" />
    </UnitTest>
    <UnitTest name="WalletApp.AutomatedUITests.AutomatedUITests.MasiveOperations_Correct_ReturnsBalanceView(transaccion: &quot;deposito&quot;, monto: &quot;10&quot;)" storage="c:\users\equipo\desktop\wallet\apiclient\consumebilleterawebapi\walletapp.automateduitests\bin\debug\netcoreapp3.1\walletapp.automateduitests.dll" id="d18018ca-9b06-2ad3-973e-560d564faf0f">
      <Execution id="9ab85c9c-50b0-40f8-ab72-ea3e503c6fe9" />
      <TestMethod codeBase="C:\Users\EQUIPO\Desktop\wallet\ApiClient\ConsumeBilleteraWebApi\WalletApp.AutomatedUITests\bin\Debug\netcoreapp3.1\WalletApp.AutomatedUITests.dll" adapterTypeName="executor://xunit/VsTestRunner2/netcoreapp" className="WalletApp.AutomatedUITests.AutomatedUITests" name="MasiveOperations_Correct_ReturnsBalanceView" />
    </UnitTest>
    <UnitTest name="WalletApp.AutomatedUITests.AutomatedUITests.MasiveOperations_Correct_ReturnsBalanceView(transaccion: &quot;retiro&quot;, monto: &quot;5&quot;)" storage="c:\users\equipo\desktop\wallet\apiclient\consumebilleterawebapi\walletapp.automateduitests\bin\debug\netcoreapp3.1\walletapp.automateduitests.dll" id="eeefae29-7f48-0d99-feb0-fb12036a6ea2">
      <Execution id="cde289a7-6b82-4914-b79a-14e7f1adbb62" />
      <TestMethod codeBase="C:\Users\EQUIPO\Desktop\wallet\ApiClient\ConsumeBilleteraWebApi\WalletApp.AutomatedUITests\bin\Debug\netcoreapp3.1\WalletApp.AutomatedUITests.dll" adapterTypeName="executor://xunit/VsTestRunner2/netcoreapp" className="WalletApp.AutomatedUITests.AutomatedUITests" name="MasiveOperations_Correct_ReturnsBalanceView" />
    </UnitTest>
    <UnitTest name="WalletApp.AutomatedUITests.AutomatedUITests.MasiveOperations_Correct_ReturnsBalanceView(transaccion: &quot;retiro&quot;, monto: &quot;10&quot;)" storage="c:\users\equipo\desktop\wallet\apiclient\consumebilleterawebapi\walletapp.automateduitests\bin\debug\netcoreapp3.1\walletapp.automateduitests.dll" id="3d057ce4-18e7-b758-bfd7-d00e57545a75">
      <Execution id="29982a9a-2209-415a-bf31-1dd2f2125f1d" />
      <TestMethod codeBase="C:\Users\EQUIPO\Desktop\wallet\ApiClient\ConsumeBilleteraWebApi\WalletApp.AutomatedUITests\bin\Debug\netcoreapp3.1\WalletApp.AutomatedUITests.dll" adapterTypeName="executor://xunit/VsTestRunner2/netcoreapp" className="WalletApp.AutomatedUITests.AutomatedUITests" name="MasiveOperations_Correct_ReturnsBalanceView" />
    </UnitTest>
    <UnitTest name="WalletApp.AutomatedUITests.AutomatedUITests.Withdraw_Incorrect_ReturnsErrorMessage" storage="c:\users\equipo\desktop\wallet\apiclient\consumebilleterawebapi\walletapp.automateduitests\bin\debug\netcoreapp3.1\walletapp.automateduitests.dll" id="5f2bf7b8-4b50-a449-64dd-688949ab9130">
      <Execution id="4ee69e2b-39e1-4d1a-bcd7-b672e3c80bc1" />
      <TestMethod codeBase="C:\Users\EQUIPO\Desktop\wallet\ApiClient\ConsumeBilleteraWebApi\WalletApp.AutomatedUITests\bin\Debug\netcoreapp3.1\WalletApp.AutomatedUITests.dll" adapterTypeName="executor://xunit/VsTestRunner2/netcoreapp" className="WalletApp.AutomatedUITests.AutomatedUITests" name="Withdraw_Incorrect_ReturnsErrorMessage" />
    </UnitTest>
    <UnitTest name="WalletApp.AutomatedUITests.AutomatedUITests.Open_Balance_ReturnsBalanceView" storage="c:\users\equipo\desktop\wallet\apiclient\consumebilleterawebapi\walletapp.automateduitests\bin\debug\netcoreapp3.1\walletapp.automateduitests.dll" id="832ab050-4fd2-3a2b-638d-a1418a6bf8b8">
      <Execution id="e05136de-4f1e-4af6-a48d-502abe91b245" />
      <TestMethod codeBase="C:\Users\EQUIPO\Desktop\wallet\ApiClient\ConsumeBilleteraWebApi\WalletApp.AutomatedUITests\bin\Debug\netcoreapp3.1\WalletApp.AutomatedUITests.dll" adapterTypeName="executor://xunit/VsTestRunner2/netcoreapp" className="WalletApp.AutomatedUITests.AutomatedUITests" name="Open_Balance_ReturnsBalanceView" />
    </UnitTest>
    <UnitTest name="WalletApp.AutomatedUITests.AutomatedUITests.Deposit_Correct_ReturnsBalanceView_BalanceCorrect" storage="c:\users\equipo\desktop\wallet\apiclient\consumebilleterawebapi\walletapp.automateduitests\bin\debug\netcoreapp3.1\walletapp.automateduitests.dll" id="75ef09b9-45ea-52e6-4d15-8752ad9e4b24">
      <Execution id="2abf9270-7094-4505-af86-e71958ce8367" />
      <TestMethod codeBase="C:\Users\EQUIPO\Desktop\wallet\ApiClient\ConsumeBilleteraWebApi\WalletApp.AutomatedUITests\bin\Debug\netcoreapp3.1\WalletApp.AutomatedUITests.dll" adapterTypeName="executor://xunit/VsTestRunner2/netcoreapp" className="WalletApp.AutomatedUITests.AutomatedUITests" name="Deposit_Correct_ReturnsBalanceView_BalanceCorrect" />
    </UnitTest>
  </TestDefinitions>
  <TestEntries>
    <TestEntry testId="832ab050-4fd2-3a2b-638d-a1418a6bf8b8" executionId="e05136de-4f1e-4af6-a48d-502abe91b245" testListId="8c84fa94-04c1-424b-9868-57a2d4851a1d" />
    <TestEntry testId="5f2bf7b8-4b50-a449-64dd-688949ab9130" executionId="4ee69e2b-39e1-4d1a-bcd7-b672e3c80bc1" testListId="8c84fa94-04c1-424b-9868-57a2d4851a1d" />
    <TestEntry testId="be6de981-01cf-c936-4386-805a297bb224" executionId="abafe109-7c4f-4dbb-9300-faa2b5817578" testListId="8c84fa94-04c1-424b-9868-57a2d4851a1d" />
    <TestEntry testId="d18018ca-9b06-2ad3-973e-560d564faf0f" executionId="9ab85c9c-50b0-40f8-ab72-ea3e503c6fe9" testListId="8c84fa94-04c1-424b-9868-57a2d4851a1d" />
    <TestEntry testId="eeefae29-7f48-0d99-feb0-fb12036a6ea2" executionId="cde289a7-6b82-4914-b79a-14e7f1adbb62" testListId="8c84fa94-04c1-424b-9868-57a2d4851a1d" />
    <TestEntry testId="a063a516-dd26-a194-850d-a5ca3d6c3fa6" executionId="301b2413-3562-4ae0-a98e-f41af197f660" testListId="8c84fa94-04c1-424b-9868-57a2d4851a1d" />
    <TestEntry testId="75ef09b9-45ea-52e6-4d15-8752ad9e4b24" executionId="2abf9270-7094-4505-af86-e71958ce8367" testListId="8c84fa94-04c1-424b-9868-57a2d4851a1d" />
    <TestEntry testId="3d057ce4-18e7-b758-bfd7-d00e57545a75" executionId="29982a9a-2209-415a-bf31-1dd2f2125f1d" testListId="8c84fa94-04c1-424b-9868-57a2d4851a1d" />
  </TestEntries>
  <TestLists>
    <TestList name="Resultados sin formato de lista" id="8c84fa94-04c1-424b-9868-57a2d4851a1d" />
    <TestList name="Todos los resultados cargados" id="19431567-8539-422a-85d7-44ee4e166bda" />
  </TestLists>
  <ResultSummary outcome="Completed">
    <Counters total="8" executed="8" passed="8" failed="0" error="0" timeout="0" aborted="0" inconclusive="0" passedButRunAborted="0" notRunnable="0" notExecuted="0" disconnected="0" warning="0" completed="0" inProgress="0" pending="0" />
    <Output>
      <StdOut>[xUnit.net 00:00:00.00] xUnit.net VSTest Adapter v2.4.0 (64-bit .NET Core 3.1.4)&#xD;
[xUnit.net 00:00:00.95]   Discovering: WalletApp.AutomatedUITests&#xD;
[xUnit.net 00:00:01.10]   Discovered:  WalletApp.AutomatedUITests&#xD;
[xUnit.net 00:00:01.11]   Starting:    WalletApp.AutomatedUITests&#xD;
[xUnit.net 00:00:45.22]   Finished:    WalletApp.AutomatedUITests&#xD;
</StdOut>
    </Output>
  </ResultSummary>
</TestRun>